<?xml version="1.0" encoding="UTF-8"?>
<!-- Generated by org.testng.reporters.JUnitReportReporter -->
<testsuite hostname="DESKTOP-D0JLFQF" failures="0" tests="1" name="Compatibility.Class1" time="34.335" errors="0" timestamp="2023-03-03T13:49:26 IST" skipped="0">
  <testcase classname="Compatibility.Class1" name="m1" time="34.335"/>
  <system-out/>
</testsuite> <!-- Compatibility.Class1 -->
