<?xml version="1.0" encoding="UTF-8"?>
<!-- Generated by org.testng.reporters.JUnitReportReporter -->
<testsuite hostname="DESKTOP-D0JLFQF" failures="0" tests="1" name="Write_into_execel.Class1" time="0.008" errors="0" timestamp="2023-04-06T16:06:04 IST" skipped="0">
  <testcase classname="Write_into_execel.Class1" name="m1" time="0.008"/>
  <system-out/>
</testsuite> <!-- Write_into_execel.Class1 -->
