<?xml version="1.0" encoding="UTF-8"?>
<!-- Generated by org.testng.reporters.JUnitReportReporter -->
<testsuite hostname="DESKTOP-D0JLFQF" failures="0" tests="1" name="OpenNewWindowAndTab.Class1" time="11.083" errors="0" timestamp="2023-02-20T13:53:05 IST" skipped="0">
  <testcase classname="OpenNewWindowAndTab.Class1" name="m1" time="11.083"/>
  <system-out/>
</testsuite> <!-- OpenNewWindowAndTab.Class1 -->
