<?xml version="1.0" encoding="UTF-8"?>
<!-- Generated by org.testng.reporters.JUnitReportReporter -->
<testsuite hostname="DESKTOP-D0JLFQF" failures="0" tests="2" name="Feb23_02_Selenium.Class2" time="5.555" errors="0" timestamp="2023-02-23T11:43:00 IST" skipped="0">
  <testcase classname="Feb23_02_Selenium.Class2" name="m1" time="3.099"/>
  <system-out/>
  <testcase classname="Feb23_02_Selenium.Class2" name="m2" time="2.456"/>
  <system-out/>
</testsuite> <!-- Feb23_02_Selenium.Class2 -->
