<?xml version="1.0" encoding="UTF-8"?>
<!-- Generated by org.testng.reporters.JUnitReportReporter -->
<testsuite hostname="DESKTOP-D0JLFQF" failures="0" tests="3" name="testNG.Class3" time="72.190" errors="0" timestamp="2023-03-16T13:44:56 IST" skipped="0">
  <testcase classname="testNG.Class3" name="openBroswer" time="11.253"/>
  <system-out/>
  <testcase classname="testNG.Class3" name="openBroswer" time="19.303"/>
  <system-out/>
  <testcase classname="testNG.Class3" name="openBroswer" time="41.634"/>
  <system-out/>
</testsuite> <!-- testNG.Class3 -->
