<?xml version="1.0" encoding="UTF-8"?>
<!-- Generated by org.testng.reporters.JUnitReportReporter -->
<testsuite hostname="DESKTOP-D0JLFQF" failures="0" tests="1" name="_16April2023.WriteIntoFile" time="1.639" errors="0" timestamp="2023-04-16T15:13:24 IST" skipped="0">
  <testcase classname="_16April2023.WriteIntoFile" name="writeIntoExcel" time="1.639"/>
  <system-out/>
</testsuite> <!-- _16April2023.WriteIntoFile -->
