<?xml version="1.0" encoding="UTF-8"?>
<!-- Generated by org.testng.reporters.JUnitReportReporter -->
<testsuite hostname="DESKTOP-D0JLFQF" failures="0" tests="3" name="testNG.Class2" time="0.015" errors="0" timestamp="2023-03-12T09:08:58 IST" skipped="0">
  <testcase classname="testNG.Class2" name="setting" time="0.002"/>
  <system-out/>
  <testcase classname="testNG.Class2" name="login2" time="0.002"/>
  <system-out/>
  <testcase classname="testNG.Class2" name="home2" time="0.011"/>
  <system-out/>
</testsuite> <!-- testNG.Class2 -->
