<?xml version="1.0" encoding="UTF-8"?>
<!-- Generated by org.testng.reporters.JUnitReportReporter -->
<testsuite hostname="DESKTOP-D0JLFQF" failures="0" tests="2" name="LogicalProgram.Factorial" time="0.033" errors="0" timestamp="2023-01-15T12:08:27 IST" skipped="0">
  <testcase classname="LogicalProgram.Factorial" name="m12" time="0.003"/>
  <system-out/>
  <testcase classname="LogicalProgram.Factorial" name="m" time="0.030"/>
  <system-out/>
</testsuite> <!-- LogicalProgram.Factorial -->
