<?xml version="1.0" encoding="UTF-8"?>
<!-- Generated by org.testng.reporters.JUnitReportReporter -->
<testsuite hostname="DESKTOP-D0JLFQF" failures="0" tests="3" name="testNG.Class1" time="0.021" errors="0" timestamp="2023-10-16T10:52:15 IST" skipped="0">
  <testcase classname="testNG.Class1" name="login" time="0.004"/>
  <testcase classname="testNG.Class1" name="homepage" time="0.015"/>
  <testcase classname="testNG.Class1" name="setting" time="0.002"/>
</testsuite> <!-- testNG.Class1 -->
