<?xml version="1.0" encoding="UTF-8"?>
<!-- Generated by org.testng.reporters.JUnitReportReporter -->
<testsuite hostname="DESKTOP-D0JLFQF" failures="0" tests="1" name="_16April2023.bROKENlIN" time="31.340" errors="0" timestamp="2023-04-16T15:59:58 IST" skipped="0">
  <testcase classname="_16April2023.bROKENlIN" name="brokenlinks" time="31.340"/>
  <system-out/>
</testsuite> <!-- _16April2023.bROKENlIN -->
